
primers.O3:     file format elf32-littlearm


Disassembly of section .init:

00008404 <_init>:
    8404:	e92d4008 	push	{r3, lr}
    8408:	eb000049 	bl	8534 <call_weak_fn>
    840c:	e8bd8008 	pop	{r3, pc}

Disassembly of section .plt:

00008410 <.plt>:
    8410:	e52de004 	push	{lr}		; (str lr, [sp, #-4]!)
    8414:	e59fe004 	ldr	lr, [pc, #4]	; 8420 <_init+0x1c>
    8418:	e08fe00e 	add	lr, pc, lr
    841c:	e5bef008 	ldr	pc, [lr, #8]!
    8420:	00009be0 	.word	0x00009be0
    8424:	e28fc600 	add	ip, pc, #0, 12
    8428:	e28cca09 	add	ip, ip, #36864	; 0x9000
    842c:	e5bcfbe0 	ldr	pc, [ip, #3040]!	; 0xbe0
    8430:	e28fc600 	add	ip, pc, #0, 12
    8434:	e28cca09 	add	ip, ip, #36864	; 0x9000
    8438:	e5bcfbd8 	ldr	pc, [ip, #3032]!	; 0xbd8
    843c:	4778      	bx	pc
    843e:	46c0      	nop			; (mov r8, r8)
    8440:	e28fc600 	add	ip, pc, #0, 12
    8444:	e28cca09 	add	ip, ip, #36864	; 0x9000
    8448:	e5bcfbcc 	ldr	pc, [ip, #3020]!	; 0xbcc
    844c:	e28fc600 	add	ip, pc, #0, 12
    8450:	e28cca09 	add	ip, ip, #36864	; 0x9000
    8454:	e5bcfbc4 	ldr	pc, [ip, #3012]!	; 0xbc4
    8458:	e28fc600 	add	ip, pc, #0, 12
    845c:	e28cca09 	add	ip, ip, #36864	; 0x9000
    8460:	e5bcfbbc 	ldr	pc, [ip, #3004]!	; 0xbbc
    8464:	e28fc600 	add	ip, pc, #0, 12
    8468:	e28cca09 	add	ip, ip, #36864	; 0x9000
    846c:	e5bcfbb4 	ldr	pc, [ip, #2996]!	; 0xbb4
    8470:	e28fc600 	add	ip, pc, #0, 12
    8474:	e28cca09 	add	ip, ip, #36864	; 0x9000
    8478:	e5bcfbac 	ldr	pc, [ip, #2988]!	; 0xbac
    847c:	e28fc600 	add	ip, pc, #0, 12
    8480:	e28cca09 	add	ip, ip, #36864	; 0x9000
    8484:	e5bcfba4 	ldr	pc, [ip, #2980]!	; 0xba4
    8488:	e28fc600 	add	ip, pc, #0, 12
    848c:	e28cca09 	add	ip, ip, #36864	; 0x9000
    8490:	e5bcfb9c 	ldr	pc, [ip, #2972]!	; 0xb9c
    8494:	4778      	bx	pc
    8496:	46c0      	nop			; (mov r8, r8)
    8498:	e28fc600 	add	ip, pc, #0, 12
    849c:	e28cca09 	add	ip, ip, #36864	; 0x9000
    84a0:	e5bcfb90 	ldr	pc, [ip, #2960]!	; 0xb90
    84a4:	e28fc600 	add	ip, pc, #0, 12
    84a8:	e28cca09 	add	ip, ip, #36864	; 0x9000
    84ac:	e5bcfb88 	ldr	pc, [ip, #2952]!	; 0xb88
    84b0:	e28fc600 	add	ip, pc, #0, 12
    84b4:	e28cca09 	add	ip, ip, #36864	; 0x9000
    84b8:	e5bcfb80 	ldr	pc, [ip, #2944]!	; 0xb80

Disassembly of section .text:

000084c0 <createBitArray.part.0>:
    84c0:	b508      	push	{r3, lr}
    84c2:	f249 40fc 	movw	r0, #38140	; 0x94fc
    84c6:	f249 5110 	movw	r1, #38160	; 0x9510
    84ca:	f249 43e0 	movw	r3, #38112	; 0x94e0
    84ce:	f2c0 0000 	movt	r0, #0
    84d2:	f2c0 0100 	movt	r1, #0
    84d6:	221a      	movs	r2, #26
    84d8:	f2c0 0300 	movt	r3, #0
    84dc:	f7ff efe8 	blx	84b0 <_init+0xac>

000084e0 <main>:
    84e0:	2801      	cmp	r0, #1
    84e2:	b508      	push	{r3, lr}
    84e4:	dd08      	ble.n	84f8 <main+0x18>
    84e6:	6848      	ldr	r0, [r1, #4]
    84e8:	220a      	movs	r2, #10
    84ea:	2100      	movs	r1, #0
    84ec:	f7ff efa0 	blx	8430 <_init+0x2c>
    84f0:	f000 f95c 	bl	87ac <findPrimes>
    84f4:	2000      	movs	r0, #0
    84f6:	bd08      	pop	{r3, pc}
    84f8:	f249 6080 	movw	r0, #38528	; 0x9680
    84fc:	2100      	movs	r1, #0
    84fe:	f2c0 0098 	movt	r0, #152	; 0x98
    8502:	e7f5      	b.n	84f0 <main+0x10>

00008504 <_start>:
    8504:	f04f 0b00 	mov.w	fp, #0
    8508:	f04f 0e00 	mov.w	lr, #0
    850c:	bc02      	pop	{r1}
    850e:	466a      	mov	r2, sp
    8510:	b404      	push	{r2}
    8512:	b401      	push	{r0}
    8514:	f8df c010 	ldr.w	ip, [pc, #16]	; 8528 <_start+0x24>
    8518:	f84d cd04 	str.w	ip, [sp, #-4]!
    851c:	4803      	ldr	r0, [pc, #12]	; (852c <_start+0x28>)
    851e:	4b04      	ldr	r3, [pc, #16]	; (8530 <_start+0x2c>)
    8520:	f7ff ef9a 	blx	8458 <_init+0x54>
    8524:	f7ff efbe 	blx	84a4 <_init+0xa0>
    8528:	000094d1 	.word	0x000094d1
    852c:	000084e1 	.word	0x000084e1
    8530:	00009491 	.word	0x00009491

00008534 <call_weak_fn>:
    8534:	e59f3014 	ldr	r3, [pc, #20]	; 8550 <call_weak_fn+0x1c>
    8538:	e59f2014 	ldr	r2, [pc, #20]	; 8554 <call_weak_fn+0x20>
    853c:	e08f3003 	add	r3, pc, r3
    8540:	e7932002 	ldr	r2, [r3, r2]
    8544:	e3520000 	cmp	r2, #0
    8548:	012fff1e 	bxeq	lr
    854c:	eaffffc4 	b	8464 <_init+0x60>
    8550:	00009abc 	.word	0x00009abc
    8554:	0000003c 	.word	0x0000003c

00008558 <deregister_tm_clones>:
    8558:	4b07      	ldr	r3, [pc, #28]	; (8578 <deregister_tm_clones+0x20>)
    855a:	f242 0048 	movw	r0, #8264	; 0x2048
    855e:	f2c0 0001 	movt	r0, #1
    8562:	1a1b      	subs	r3, r3, r0
    8564:	2b06      	cmp	r3, #6
    8566:	d800      	bhi.n	856a <deregister_tm_clones+0x12>
    8568:	4770      	bx	lr
    856a:	f240 0300 	movw	r3, #0
    856e:	f2c0 0300 	movt	r3, #0
    8572:	2b00      	cmp	r3, #0
    8574:	d0f8      	beq.n	8568 <deregister_tm_clones+0x10>
    8576:	4718      	bx	r3
    8578:	0001204b 	.word	0x0001204b

0000857c <register_tm_clones>:
    857c:	f242 0348 	movw	r3, #8264	; 0x2048
    8580:	f242 0048 	movw	r0, #8264	; 0x2048
    8584:	f2c0 0301 	movt	r3, #1
    8588:	f2c0 0001 	movt	r0, #1
    858c:	1a1b      	subs	r3, r3, r0
    858e:	109b      	asrs	r3, r3, #2
    8590:	eb03 73d3 	add.w	r3, r3, r3, lsr #31
    8594:	1059      	asrs	r1, r3, #1
    8596:	d100      	bne.n	859a <register_tm_clones+0x1e>
    8598:	4770      	bx	lr
    859a:	f240 0200 	movw	r2, #0
    859e:	f2c0 0200 	movt	r2, #0
    85a2:	2a00      	cmp	r2, #0
    85a4:	d0f8      	beq.n	8598 <register_tm_clones+0x1c>
    85a6:	4710      	bx	r2

000085a8 <__do_global_dtors_aux>:
    85a8:	b510      	push	{r4, lr}
    85aa:	f242 0448 	movw	r4, #8264	; 0x2048
    85ae:	f2c0 0401 	movt	r4, #1
    85b2:	7823      	ldrb	r3, [r4, #0]
    85b4:	b91b      	cbnz	r3, 85be <__do_global_dtors_aux+0x16>
    85b6:	f7ff ffcf 	bl	8558 <deregister_tm_clones>
    85ba:	2301      	movs	r3, #1
    85bc:	7023      	strb	r3, [r4, #0]
    85be:	bd10      	pop	{r4, pc}

000085c0 <frame_dummy>:
    85c0:	f641 7014 	movw	r0, #7956	; 0x1f14
    85c4:	f2c0 0001 	movt	r0, #1
    85c8:	b508      	push	{r3, lr}
    85ca:	6803      	ldr	r3, [r0, #0]
    85cc:	b12b      	cbz	r3, 85da <frame_dummy+0x1a>
    85ce:	f240 0300 	movw	r3, #0
    85d2:	f2c0 0300 	movt	r3, #0
    85d6:	b103      	cbz	r3, 85da <frame_dummy+0x1a>
    85d8:	4798      	blx	r3
    85da:	e8bd 4008 	ldmia.w	sp!, {r3, lr}
    85de:	e7cd      	b.n	857c <register_tm_clones>

000085e0 <freeBitArray>:
    85e0:	4770      	bx	lr
    85e2:	bf00      	nop

000085e4 <createBitArray>:
    85e4:	e92d 41f0 	stmdb	sp!, {r4, r5, r6, r7, r8, lr}
    85e8:	4604      	mov	r4, r0
    85ea:	2030      	movs	r0, #48	; 0x30
    85ec:	460e      	mov	r6, r1
    85ee:	f7ff ef2e 	blx	844c <_init+0x48>
    85f2:	4680      	mov	r8, r0
    85f4:	b300      	cbz	r0, 8638 <createBitArray+0x54>
    85f6:	0962      	lsrs	r2, r4, #5
    85f8:	6204      	str	r4, [r0, #32]
    85fa:	ea42 62c6 	orr.w	r2, r2, r6, lsl #27
    85fe:	6246      	str	r6, [r0, #36]	; 0x24
    8600:	0973      	lsrs	r3, r6, #5
    8602:	2408      	movs	r4, #8
    8604:	2500      	movs	r5, #0
    8606:	e9c0 4502 	strd	r4, r5, [r0, #8]
    860a:	1c50      	adds	r0, r2, #1
    860c:	f04f 0604 	mov.w	r6, #4
    8610:	f143 0100 	adc.w	r1, r3, #0
    8614:	2700      	movs	r7, #0
    8616:	e9c8 010a 	strd	r0, r1, [r8, #40]	; 0x28
    861a:	2420      	movs	r4, #32
    861c:	2500      	movs	r5, #0
    861e:	0080      	lsls	r0, r0, #2
    8620:	e9c8 6704 	strd	r6, r7, [r8, #16]
    8624:	e9c8 4506 	strd	r4, r5, [r8, #24]
    8628:	f7ff ef10 	blx	844c <_init+0x48>
    862c:	f8c8 0000 	str.w	r0, [r8]
    8630:	b120      	cbz	r0, 863c <createBitArray+0x58>
    8632:	4640      	mov	r0, r8
    8634:	e8bd 81f0 	ldmia.w	sp!, {r4, r5, r6, r7, r8, pc}
    8638:	f7ff ff42 	bl	84c0 <createBitArray.part.0>
    863c:	f249 501c 	movw	r0, #38172	; 0x951c
    8640:	f249 5110 	movw	r1, #38160	; 0x9510
    8644:	f249 43e0 	movw	r3, #38112	; 0x94e0
    8648:	f2c0 0000 	movt	r0, #0
    864c:	f2c0 0100 	movt	r1, #0
    8650:	2222      	movs	r2, #34	; 0x22
    8652:	f2c0 0300 	movt	r3, #0
    8656:	f7ff ef2c 	blx	84b0 <_init+0xac>
    865a:	bf00      	nop

0000865c <setBit>:
    865c:	e92d 43f8 	stmdb	sp!, {r3, r4, r5, r6, r7, r8, r9, lr}
    8660:	4619      	mov	r1, r3
    8662:	e9d0 6706 	ldrd	r6, r7, [r0, #24]
    8666:	4681      	mov	r9, r0
    8668:	4614      	mov	r4, r2
    866a:	461d      	mov	r5, r3
    866c:	4610      	mov	r0, r2
    866e:	463b      	mov	r3, r7
    8670:	4632      	mov	r2, r6
    8672:	f000 fa57 	bl	8b24 <__aeabi_uldivmod>
    8676:	4632      	mov	r2, r6
    8678:	463b      	mov	r3, r7
    867a:	4629      	mov	r1, r5
    867c:	4680      	mov	r8, r0
    867e:	4620      	mov	r0, r4
    8680:	f000 fa50 	bl	8b24 <__aeabi_uldivmod>
    8684:	f8d9 3000 	ldr.w	r3, [r9]
    8688:	2001      	movs	r0, #1
    868a:	f853 1028 	ldr.w	r1, [r3, r8, lsl #2]
    868e:	fa00 f202 	lsl.w	r2, r0, r2
    8692:	4311      	orrs	r1, r2
    8694:	f843 1028 	str.w	r1, [r3, r8, lsl #2]
    8698:	e8bd 83f8 	ldmia.w	sp!, {r3, r4, r5, r6, r7, r8, r9, pc}

0000869c <clearBit>:
    869c:	e92d 43f8 	stmdb	sp!, {r3, r4, r5, r6, r7, r8, r9, lr}
    86a0:	4619      	mov	r1, r3
    86a2:	e9d0 6706 	ldrd	r6, r7, [r0, #24]
    86a6:	4681      	mov	r9, r0
    86a8:	4614      	mov	r4, r2
    86aa:	461d      	mov	r5, r3
    86ac:	4610      	mov	r0, r2
    86ae:	463b      	mov	r3, r7
    86b0:	4632      	mov	r2, r6
    86b2:	f000 fa37 	bl	8b24 <__aeabi_uldivmod>
    86b6:	4632      	mov	r2, r6
    86b8:	463b      	mov	r3, r7
    86ba:	4629      	mov	r1, r5
    86bc:	4680      	mov	r8, r0
    86be:	4620      	mov	r0, r4
    86c0:	f000 fa30 	bl	8b24 <__aeabi_uldivmod>
    86c4:	f8d9 3000 	ldr.w	r3, [r9]
    86c8:	2001      	movs	r0, #1
    86ca:	f853 1028 	ldr.w	r1, [r3, r8, lsl #2]
    86ce:	fa00 f202 	lsl.w	r2, r0, r2
    86d2:	ea21 0102 	bic.w	r1, r1, r2
    86d6:	f843 1028 	str.w	r1, [r3, r8, lsl #2]
    86da:	e8bd 83f8 	ldmia.w	sp!, {r3, r4, r5, r6, r7, r8, r9, pc}
    86de:	bf00      	nop

000086e0 <getBit>:
    86e0:	e92d 41f0 	stmdb	sp!, {r4, r5, r6, r7, r8, lr}
    86e4:	4619      	mov	r1, r3
    86e6:	e9d0 6706 	ldrd	r6, r7, [r0, #24]
    86ea:	4680      	mov	r8, r0
    86ec:	4614      	mov	r4, r2
    86ee:	461d      	mov	r5, r3
    86f0:	4610      	mov	r0, r2
    86f2:	463b      	mov	r3, r7
    86f4:	4632      	mov	r2, r6
    86f6:	f000 fa15 	bl	8b24 <__aeabi_uldivmod>
    86fa:	f8d8 1000 	ldr.w	r1, [r8]
    86fe:	4632      	mov	r2, r6
    8700:	463b      	mov	r3, r7
    8702:	f851 6020 	ldr.w	r6, [r1, r0, lsl #2]
    8706:	4620      	mov	r0, r4
    8708:	4629      	mov	r1, r5
    870a:	f000 fa0b 	bl	8b24 <__aeabi_uldivmod>
    870e:	2301      	movs	r3, #1
    8710:	fa03 f202 	lsl.w	r2, r3, r2
    8714:	4216      	tst	r6, r2
    8716:	bf14      	ite	ne
    8718:	4618      	movne	r0, r3
    871a:	2000      	moveq	r0, #0
    871c:	e8bd 81f0 	ldmia.w	sp!, {r4, r5, r6, r7, r8, pc}

00008720 <clearAll>:
    8720:	b470      	push	{r4, r5, r6}
    8722:	2200      	movs	r2, #0
    8724:	e9d0 450a 	ldrd	r4, r5, [r0, #40]	; 0x28
    8728:	2300      	movs	r3, #0
    872a:	6800      	ldr	r0, [r0, #0]
    872c:	2600      	movs	r6, #0
    872e:	0091      	lsls	r1, r2, #2
    8730:	3201      	adds	r2, #1
    8732:	f143 0300 	adc.w	r3, r3, #0
    8736:	429d      	cmp	r5, r3
    8738:	5046      	str	r6, [r0, r1]
    873a:	bf08      	it	eq
    873c:	4294      	cmpeq	r4, r2
    873e:	d2f6      	bcs.n	872e <clearAll+0xe>
    8740:	bc70      	pop	{r4, r5, r6}
    8742:	4770      	bx	lr

00008744 <setAll>:
    8744:	b470      	push	{r4, r5, r6}
    8746:	2200      	movs	r2, #0
    8748:	e9d0 450a 	ldrd	r4, r5, [r0, #40]	; 0x28
    874c:	2300      	movs	r3, #0
    874e:	6800      	ldr	r0, [r0, #0]
    8750:	f04f 36ff 	mov.w	r6, #4294967295
    8754:	0091      	lsls	r1, r2, #2
    8756:	3201      	adds	r2, #1
    8758:	f143 0300 	adc.w	r3, r3, #0
    875c:	429d      	cmp	r5, r3
    875e:	5046      	str	r6, [r0, r1]
    8760:	bf08      	it	eq
    8762:	4294      	cmpeq	r4, r2
    8764:	d2f6      	bcs.n	8754 <setAll+0x10>
    8766:	bc70      	pop	{r4, r5, r6}
    8768:	4770      	bx	lr
    876a:	bf00      	nop

0000876c <printPrime>:
    876c:	b510      	push	{r4, lr}
    876e:	f242 044c 	movw	r4, #8268	; 0x204c
    8772:	b082      	sub	sp, #8
    8774:	f2c0 0401 	movt	r4, #1
    8778:	f44f 727a 	mov.w	r2, #1000	; 0x3e8
    877c:	f249 5334 	movw	r3, #38196	; 0x9534
    8780:	e9cd 0100 	strd	r0, r1, [sp]
    8784:	f2c0 0300 	movt	r3, #0
    8788:	2101      	movs	r1, #1
    878a:	4620      	mov	r0, r4
    878c:	f7ff ee76 	blx	847c <_init+0x78>
    8790:	4620      	mov	r0, r4
    8792:	f7ff ee6e 	blx	8470 <_init+0x6c>
    8796:	2200      	movs	r2, #0
    8798:	1823      	adds	r3, r4, r0
    879a:	4620      	mov	r0, r4
    879c:	f803 2c02 	strb.w	r2, [r3, #-2]
    87a0:	b002      	add	sp, #8
    87a2:	e8bd 4010 	ldmia.w	sp!, {r4, lr}
    87a6:	f7ff be49 	b.w	843c <_init+0x38>
    87aa:	bf00      	nop

000087ac <findPrimes>:
    87ac:	e92d 4ff0 	stmdb	sp!, {r4, r5, r6, r7, r8, r9, sl, fp, lr}
    87b0:	b089      	sub	sp, #36	; 0x24
    87b2:	e9cd 0102 	strd	r0, r1, [sp, #8]
    87b6:	2030      	movs	r0, #48	; 0x30
    87b8:	f7ff ee48 	blx	844c <_init+0x48>
    87bc:	4606      	mov	r6, r0
    87be:	2800      	cmp	r0, #0
    87c0:	f000 8119 	beq.w	89f6 <findPrimes+0x24a>
    87c4:	e9dd 0102 	ldrd	r0, r1, [sp, #8]
    87c8:	2208      	movs	r2, #8
    87ca:	2300      	movs	r3, #0
    87cc:	e9c6 2302 	strd	r2, r3, [r6, #8]
    87d0:	2204      	movs	r2, #4
    87d2:	2300      	movs	r3, #0
    87d4:	0944      	lsrs	r4, r0, #5
    87d6:	e9c6 0108 	strd	r0, r1, [r6, #32]
    87da:	ea44 64c1 	orr.w	r4, r4, r1, lsl #27
    87de:	9903      	ldr	r1, [sp, #12]
    87e0:	3401      	adds	r4, #1
    87e2:	e9c6 2304 	strd	r2, r3, [r6, #16]
    87e6:	ea4f 0084 	mov.w	r0, r4, lsl #2
    87ea:	f04f 0220 	mov.w	r2, #32
    87ee:	ea4f 1551 	mov.w	r5, r1, lsr #5
    87f2:	f04f 0300 	mov.w	r3, #0
    87f6:	f145 0500 	adc.w	r5, r5, #0
    87fa:	e9c6 2306 	strd	r2, r3, [r6, #24]
    87fe:	e9c6 450a 	strd	r4, r5, [r6, #40]	; 0x28
    8802:	f7ff ee24 	blx	844c <_init+0x48>
    8806:	2200      	movs	r2, #0
    8808:	2300      	movs	r3, #0
    880a:	4682      	mov	sl, r0
    880c:	6030      	str	r0, [r6, #0]
    880e:	f04f 30ff 	mov.w	r0, #4294967295
    8812:	f1ba 0f00 	cmp.w	sl, #0
    8816:	f000 80fc 	beq.w	8a12 <findPrimes+0x266>
    881a:	0091      	lsls	r1, r2, #2
    881c:	3201      	adds	r2, #1
    881e:	f143 0300 	adc.w	r3, r3, #0
    8822:	429d      	cmp	r5, r3
    8824:	f84a 0001 	str.w	r0, [sl, r1]
    8828:	bf08      	it	eq
    882a:	4294      	cmpeq	r4, r2
    882c:	d2f5      	bcs.n	881a <findPrimes+0x6e>
    882e:	f8da 3000 	ldr.w	r3, [sl]
    8832:	2600      	movs	r6, #0
    8834:	2700      	movs	r7, #0
    8836:	2402      	movs	r4, #2
    8838:	2500      	movs	r5, #0
    883a:	f04f 0b01 	mov.w	fp, #1
    883e:	f242 024c 	movw	r2, #8268	; 0x204c
    8842:	f023 0303 	bic.w	r3, r3, #3
    8846:	f2c0 0201 	movt	r2, #1
    884a:	f8ca 3000 	str.w	r3, [sl]
    884e:	9205      	str	r2, [sp, #20]
    8850:	fb04 f305 	mul.w	r3, r4, r5
    8854:	e9dd 0102 	ldrd	r0, r1, [sp, #8]
    8858:	fba4 8904 	umull	r8, r9, r4, r4
    885c:	eb09 0943 	add.w	r9, r9, r3, lsl #1
    8860:	4549      	cmp	r1, r9
    8862:	bf08      	it	eq
    8864:	4540      	cmpeq	r0, r8
    8866:	d37d      	bcc.n	8964 <findPrimes+0x1b8>
    8868:	1922      	adds	r2, r4, r4
    886a:	eb45 0305 	adc.w	r3, r5, r5
    886e:	4299      	cmp	r1, r3
    8870:	bf08      	it	eq
    8872:	4290      	cmpeq	r0, r2
    8874:	d31d      	bcc.n	88b2 <findPrimes+0x106>
    8876:	e9cd 8906 	strd	r8, r9, [sp, #24]
    887a:	46b0      	mov	r8, r6
    887c:	46b9      	mov	r9, r7
    887e:	e9dd 6702 	ldrd	r6, r7, [sp, #8]
    8882:	ea4f 1e52 	mov.w	lr, r2, lsr #5
    8886:	f002 001f 	and.w	r0, r2, #31
    888a:	1912      	adds	r2, r2, r4
    888c:	ea4e 6ec3 	orr.w	lr, lr, r3, lsl #27
    8890:	416b      	adcs	r3, r5
    8892:	fa0b f000 	lsl.w	r0, fp, r0
    8896:	429f      	cmp	r7, r3
    8898:	f85a 102e 	ldr.w	r1, [sl, lr, lsl #2]
    889c:	bf08      	it	eq
    889e:	4296      	cmpeq	r6, r2
    88a0:	ea21 0000 	bic.w	r0, r1, r0
    88a4:	f84a 002e 	str.w	r0, [sl, lr, lsl #2]
    88a8:	d2eb      	bcs.n	8882 <findPrimes+0xd6>
    88aa:	4646      	mov	r6, r8
    88ac:	464f      	mov	r7, r9
    88ae:	e9dd 8906 	ldrd	r8, r9, [sp, #24]
    88b2:	454f      	cmp	r7, r9
    88b4:	bf08      	it	eq
    88b6:	4546      	cmpeq	r6, r8
    88b8:	bf24      	itt	cs
    88ba:	46b0      	movcs	r8, r6
    88bc:	46b9      	movcs	r9, r7
    88be:	d307      	bcc.n	88d0 <findPrimes+0x124>
    88c0:	e039      	b.n	8936 <findPrimes+0x18a>
    88c2:	3601      	adds	r6, #1
    88c4:	f147 0700 	adc.w	r7, r7, #0
    88c8:	454f      	cmp	r7, r9
    88ca:	bf08      	it	eq
    88cc:	4546      	cmpeq	r6, r8
    88ce:	d232      	bcs.n	8936 <findPrimes+0x18a>
    88d0:	0971      	lsrs	r1, r6, #5
    88d2:	f006 021f 	and.w	r2, r6, #31
    88d6:	ea41 61c7 	orr.w	r1, r1, r7, lsl #27
    88da:	fa0b f202 	lsl.w	r2, fp, r2
    88de:	f85a 3021 	ldr.w	r3, [sl, r1, lsl #2]
    88e2:	4213      	tst	r3, r2
    88e4:	d0ed      	beq.n	88c2 <findPrimes+0x116>
    88e6:	e9cd 6700 	strd	r6, r7, [sp]
    88ea:	2101      	movs	r1, #1
    88ec:	f44f 727a 	mov.w	r2, #1000	; 0x3e8
    88f0:	f242 004c 	movw	r0, #8268	; 0x204c
    88f4:	f249 5334 	movw	r3, #38196	; 0x9534
    88f8:	f2c0 0001 	movt	r0, #1
    88fc:	f2c0 0300 	movt	r3, #0
    8900:	f7ff edbc 	blx	847c <_init+0x78>
    8904:	f242 004c 	movw	r0, #8268	; 0x204c
    8908:	f2c0 0001 	movt	r0, #1
    890c:	f7ff edb0 	blx	8470 <_init+0x6c>
    8910:	9b05      	ldr	r3, [sp, #20]
    8912:	f04f 0100 	mov.w	r1, #0
    8916:	4403      	add	r3, r0
    8918:	f242 004c 	movw	r0, #8268	; 0x204c
    891c:	f2c0 0001 	movt	r0, #1
    8920:	f803 1c02 	strb.w	r1, [r3, #-2]
    8924:	f7ff ed8c 	blx	8440 <_init+0x3c>
    8928:	3601      	adds	r6, #1
    892a:	f147 0700 	adc.w	r7, r7, #0
    892e:	454f      	cmp	r7, r9
    8930:	bf08      	it	eq
    8932:	4546      	cmpeq	r6, r8
    8934:	d3cc      	bcc.n	88d0 <findPrimes+0x124>
    8936:	3401      	adds	r4, #1
    8938:	f145 0500 	adc.w	r5, r5, #0
    893c:	0963      	lsrs	r3, r4, #5
    893e:	f004 021f 	and.w	r2, r4, #31
    8942:	ea43 63c5 	orr.w	r3, r3, r5, lsl #27
    8946:	fa0b f202 	lsl.w	r2, fp, r2
    894a:	f85a 3023 	ldr.w	r3, [sl, r3, lsl #2]
    894e:	4213      	tst	r3, r2
    8950:	d0f1      	beq.n	8936 <findPrimes+0x18a>
    8952:	e9dd 2302 	ldrd	r2, r3, [sp, #8]
    8956:	42ab      	cmp	r3, r5
    8958:	bf08      	it	eq
    895a:	42a2      	cmpeq	r2, r4
    895c:	d34d      	bcc.n	89fa <findPrimes+0x24e>
    895e:	4646      	mov	r6, r8
    8960:	464f      	mov	r7, r9
    8962:	e775      	b.n	8850 <findPrimes+0xa4>
    8964:	42b9      	cmp	r1, r7
    8966:	bf08      	it	eq
    8968:	42b0      	cmpeq	r0, r6
    896a:	d341      	bcc.n	89f0 <findPrimes+0x244>
    896c:	f242 054c 	movw	r5, #8268	; 0x204c
    8970:	46d1      	mov	r9, sl
    8972:	f2c0 0501 	movt	r5, #1
    8976:	2401      	movs	r4, #1
    8978:	f04f 0800 	mov.w	r8, #0
    897c:	4682      	mov	sl, r0
    897e:	468b      	mov	fp, r1
    8980:	e006      	b.n	8990 <findPrimes+0x1e4>
    8982:	3601      	adds	r6, #1
    8984:	f147 0700 	adc.w	r7, r7, #0
    8988:	45bb      	cmp	fp, r7
    898a:	bf08      	it	eq
    898c:	45b2      	cmpeq	sl, r6
    898e:	d32f      	bcc.n	89f0 <findPrimes+0x244>
    8990:	0971      	lsrs	r1, r6, #5
    8992:	f006 021f 	and.w	r2, r6, #31
    8996:	ea41 61c7 	orr.w	r1, r1, r7, lsl #27
    899a:	fa04 f202 	lsl.w	r2, r4, r2
    899e:	f859 3021 	ldr.w	r3, [r9, r1, lsl #2]
    89a2:	4213      	tst	r3, r2
    89a4:	d0ed      	beq.n	8982 <findPrimes+0x1d6>
    89a6:	e9cd 6700 	strd	r6, r7, [sp]
    89aa:	2101      	movs	r1, #1
    89ac:	f44f 727a 	mov.w	r2, #1000	; 0x3e8
    89b0:	f242 004c 	movw	r0, #8268	; 0x204c
    89b4:	f249 5334 	movw	r3, #38196	; 0x9534
    89b8:	f2c0 0001 	movt	r0, #1
    89bc:	f2c0 0300 	movt	r3, #0
    89c0:	f7ff ed5c 	blx	847c <_init+0x78>
    89c4:	f242 004c 	movw	r0, #8268	; 0x204c
    89c8:	f2c0 0001 	movt	r0, #1
    89cc:	f7ff ed50 	blx	8470 <_init+0x6c>
    89d0:	182b      	adds	r3, r5, r0
    89d2:	f242 004c 	movw	r0, #8268	; 0x204c
    89d6:	f2c0 0001 	movt	r0, #1
    89da:	f803 8c02 	strb.w	r8, [r3, #-2]
    89de:	f7ff ed30 	blx	8440 <_init+0x3c>
    89e2:	3601      	adds	r6, #1
    89e4:	f147 0700 	adc.w	r7, r7, #0
    89e8:	45bb      	cmp	fp, r7
    89ea:	bf08      	it	eq
    89ec:	45b2      	cmpeq	sl, r6
    89ee:	d2cf      	bcs.n	8990 <findPrimes+0x1e4>
    89f0:	b009      	add	sp, #36	; 0x24
    89f2:	e8bd 8ff0 	ldmia.w	sp!, {r4, r5, r6, r7, r8, r9, sl, fp, pc}
    89f6:	f7ff fd63 	bl	84c0 <createBitArray.part.0>
    89fa:	f249 503c 	movw	r0, #38204	; 0x953c
    89fe:	f249 5110 	movw	r1, #38160	; 0x9510
    8a02:	f2c0 0000 	movt	r0, #0
    8a06:	f2c0 0100 	movt	r1, #0
    8a0a:	226f      	movs	r2, #111	; 0x6f
    8a0c:	4b08      	ldr	r3, [pc, #32]	; (8a30 <findPrimes+0x284>)
    8a0e:	f7ff ed50 	blx	84b0 <_init+0xac>
    8a12:	f249 501c 	movw	r0, #38172	; 0x951c
    8a16:	f249 5110 	movw	r1, #38160	; 0x9510
    8a1a:	f249 43e0 	movw	r3, #38112	; 0x94e0
    8a1e:	f2c0 0000 	movt	r0, #0
    8a22:	f2c0 0100 	movt	r1, #0
    8a26:	2222      	movs	r2, #34	; 0x22
    8a28:	f2c0 0300 	movt	r3, #0
    8a2c:	f7ff ed40 	blx	84b0 <_init+0xac>
    8a30:	000094f0 	.word	0x000094f0

00008a34 <test>:
    8a34:	e92d 41f0 	stmdb	sp!, {r4, r5, r6, r7, r8, lr}
    8a38:	2030      	movs	r0, #48	; 0x30
    8a3a:	f7ff ed08 	blx	844c <_init+0x48>
    8a3e:	4607      	mov	r7, r0
    8a40:	2800      	cmp	r0, #0
    8a42:	d05d      	beq.n	8b00 <test+0xcc>
    8a44:	2208      	movs	r2, #8
    8a46:	2300      	movs	r3, #0
    8a48:	2404      	movs	r4, #4
    8a4a:	e9c0 2302 	strd	r2, r3, [r0, #8]
    8a4e:	2500      	movs	r5, #0
    8a50:	2220      	movs	r2, #32
    8a52:	e9c0 4504 	strd	r4, r5, [r0, #16]
    8a56:	2300      	movs	r3, #0
    8a58:	244d      	movs	r4, #77	; 0x4d
    8a5a:	e9c0 2306 	strd	r2, r3, [r0, #24]
    8a5e:	2500      	movs	r5, #0
    8a60:	2203      	movs	r2, #3
    8a62:	e9c0 4508 	strd	r4, r5, [r0, #32]
    8a66:	2300      	movs	r3, #0
    8a68:	200c      	movs	r0, #12
    8a6a:	e9c7 230a 	strd	r2, r3, [r7, #40]	; 0x28
    8a6e:	f7ff ecee 	blx	844c <_init+0x48>
    8a72:	4606      	mov	r6, r0
    8a74:	6038      	str	r0, [r7, #0]
    8a76:	2800      	cmp	r0, #0
    8a78:	d044      	beq.n	8b04 <test+0xd0>
    8a7a:	2300      	movs	r3, #0
    8a7c:	f04f 0801 	mov.w	r8, #1
    8a80:	6043      	str	r3, [r0, #4]
    8a82:	f240 4701 	movw	r7, #1025	; 0x401
    8a86:	60c3      	str	r3, [r0, #12]
    8a88:	2400      	movs	r4, #0
    8a8a:	f8c6 8008 	str.w	r8, [r6, #8]
    8a8e:	2500      	movs	r5, #0
    8a90:	6007      	str	r7, [r0, #0]
    8a92:	e006      	b.n	8aa2 <test+0x6e>
    8a94:	3401      	adds	r4, #1
    8a96:	f145 0500 	adc.w	r5, r5, #0
    8a9a:	2d00      	cmp	r5, #0
    8a9c:	bf08      	it	eq
    8a9e:	2c4e      	cmpeq	r4, #78	; 0x4e
    8aa0:	d024      	beq.n	8aec <test+0xb8>
    8aa2:	0963      	lsrs	r3, r4, #5
    8aa4:	f004 011f 	and.w	r1, r4, #31
    8aa8:	ea43 63c5 	orr.w	r3, r3, r5, lsl #27
    8aac:	fa08 f101 	lsl.w	r1, r8, r1
    8ab0:	f856 3023 	ldr.w	r3, [r6, r3, lsl #2]
    8ab4:	420b      	tst	r3, r1
    8ab6:	d0ed      	beq.n	8a94 <test+0x60>
    8ab8:	4622      	mov	r2, r4
    8aba:	f249 5158 	movw	r1, #38232	; 0x9558
    8abe:	2001      	movs	r0, #1
    8ac0:	f2c0 0100 	movt	r1, #0
    8ac4:	f7ff ece8 	blx	8498 <_init+0x94>
    8ac8:	2001      	movs	r0, #1
    8aca:	4602      	mov	r2, r0
    8acc:	f249 515c 	movw	r1, #38236	; 0x955c
    8ad0:	f2c0 0100 	movt	r1, #0
    8ad4:	f7ff ece0 	blx	8498 <_init+0x94>
    8ad8:	200a      	movs	r0, #10
    8ada:	f7ff ecd6 	blx	8488 <_init+0x84>
    8ade:	3401      	adds	r4, #1
    8ae0:	f145 0500 	adc.w	r5, r5, #0
    8ae4:	2d00      	cmp	r5, #0
    8ae6:	bf08      	it	eq
    8ae8:	2c4e      	cmpeq	r4, #78	; 0x4e
    8aea:	d1da      	bne.n	8aa2 <test+0x6e>
    8aec:	463a      	mov	r2, r7
    8aee:	f249 5168 	movw	r1, #38248	; 0x9568
    8af2:	2001      	movs	r0, #1
    8af4:	f2c0 0100 	movt	r1, #0
    8af8:	e8bd 41f0 	ldmia.w	sp!, {r4, r5, r6, r7, r8, lr}
    8afc:	f7ff bcca 	b.w	8494 <_init+0x90>
    8b00:	f7ff fcde 	bl	84c0 <createBitArray.part.0>
    8b04:	f249 501c 	movw	r0, #38172	; 0x951c
    8b08:	f249 5110 	movw	r1, #38160	; 0x9510
    8b0c:	f249 43e0 	movw	r3, #38112	; 0x94e0
    8b10:	f2c0 0000 	movt	r0, #0
    8b14:	f2c0 0100 	movt	r1, #0
    8b18:	2222      	movs	r2, #34	; 0x22
    8b1a:	f2c0 0300 	movt	r3, #0
    8b1e:	f7ff ecc8 	blx	84b0 <_init+0xac>
    8b22:	bf00      	nop

00008b24 <__aeabi_uldivmod>:
    8b24:	b94b      	cbnz	r3, 8b3a <__aeabi_uldivmod+0x16>
    8b26:	b942      	cbnz	r2, 8b3a <__aeabi_uldivmod+0x16>
    8b28:	2900      	cmp	r1, #0
    8b2a:	bf08      	it	eq
    8b2c:	2800      	cmpeq	r0, #0
    8b2e:	d002      	beq.n	8b36 <__aeabi_uldivmod+0x12>
    8b30:	f04f 31ff 	mov.w	r1, #4294967295
    8b34:	4608      	mov	r0, r1
    8b36:	f000 b80b 	b.w	8b50 <__aeabi_idiv0>
    8b3a:	b082      	sub	sp, #8
    8b3c:	46ec      	mov	ip, sp
    8b3e:	e92d 5000 	stmdb	sp!, {ip, lr}
    8b42:	f000 f823 	bl	8b8c <__gnu_uldivmod_helper>
    8b46:	f8dd e004 	ldr.w	lr, [sp, #4]
    8b4a:	b002      	add	sp, #8
    8b4c:	bc0c      	pop	{r2, r3}
    8b4e:	4770      	bx	lr

00008b50 <__aeabi_idiv0>:
    8b50:	b502      	push	{r1, lr}
    8b52:	f04f 0008 	mov.w	r0, #8
    8b56:	f7ff ec66 	blx	8424 <_init+0x20>
    8b5a:	bd02      	pop	{r1, pc}

00008b5c <__gnu_ldivmod_helper>:
    8b5c:	e92d 47f0 	stmdb	sp!, {r4, r5, r6, r7, r8, r9, sl, lr}
    8b60:	4617      	mov	r7, r2
    8b62:	4680      	mov	r8, r0
    8b64:	4689      	mov	r9, r1
    8b66:	469a      	mov	sl, r3
    8b68:	9e08      	ldr	r6, [sp, #32]
    8b6a:	f000 f827 	bl	8bbc <__divdi3>
    8b6e:	fba7 4500 	umull	r4, r5, r7, r0
    8b72:	fb07 f701 	mul.w	r7, r7, r1
    8b76:	ebb8 0404 	subs.w	r4, r8, r4
    8b7a:	fb00 720a 	mla	r2, r0, sl, r7
    8b7e:	4415      	add	r5, r2
    8b80:	eb69 0505 	sbc.w	r5, r9, r5
    8b84:	e9c6 4500 	strd	r4, r5, [r6]
    8b88:	e8bd 87f0 	ldmia.w	sp!, {r4, r5, r6, r7, r8, r9, sl, pc}

00008b8c <__gnu_uldivmod_helper>:
    8b8c:	e92d 43f8 	stmdb	sp!, {r3, r4, r5, r6, r7, r8, r9, lr}
    8b90:	4617      	mov	r7, r2
    8b92:	4680      	mov	r8, r0
    8b94:	4689      	mov	r9, r1
    8b96:	461d      	mov	r5, r3
    8b98:	9e08      	ldr	r6, [sp, #32]
    8b9a:	f000 f9bd 	bl	8f18 <__udivdi3>
    8b9e:	fb00 f305 	mul.w	r3, r0, r5
    8ba2:	fba0 4507 	umull	r4, r5, r0, r7
    8ba6:	fb07 3701 	mla	r7, r7, r1, r3
    8baa:	ebb8 0404 	subs.w	r4, r8, r4
    8bae:	443d      	add	r5, r7
    8bb0:	eb69 0505 	sbc.w	r5, r9, r5
    8bb4:	e9c6 4500 	strd	r4, r5, [r6]
    8bb8:	e8bd 83f8 	ldmia.w	sp!, {r3, r4, r5, r6, r7, r8, r9, pc}

00008bbc <__divdi3>:
    8bbc:	2900      	cmp	r1, #0
    8bbe:	e92d 4ff0 	stmdb	sp!, {r4, r5, r6, r7, r8, r9, sl, fp, lr}
    8bc2:	bfa8      	it	ge
    8bc4:	4604      	movge	r4, r0
    8bc6:	b083      	sub	sp, #12
    8bc8:	bfa4      	itt	ge
    8bca:	460d      	movge	r5, r1
    8bcc:	2600      	movge	r6, #0
    8bce:	f2c0 80ce 	blt.w	8d6e <__divdi3+0x1b2>
    8bd2:	2b00      	cmp	r3, #0
    8bd4:	f2c0 80c5 	blt.w	8d62 <__divdi3+0x1a6>
    8bd8:	4620      	mov	r0, r4
    8bda:	46ac      	mov	ip, r5
    8bdc:	4696      	mov	lr, r2
    8bde:	4619      	mov	r1, r3
    8be0:	4690      	mov	r8, r2
    8be2:	4627      	mov	r7, r4
    8be4:	46a9      	mov	r9, r5
    8be6:	2b00      	cmp	r3, #0
    8be8:	d157      	bne.n	8c9a <__divdi3+0xde>
    8bea:	42aa      	cmp	r2, r5
    8bec:	d96a      	bls.n	8cc4 <__divdi3+0x108>
    8bee:	fab2 f382 	clz	r3, r2
    8bf2:	b153      	cbz	r3, 8c0a <__divdi3+0x4e>
    8bf4:	f1c3 0220 	rsb	r2, r3, #32
    8bf8:	fa05 f903 	lsl.w	r9, r5, r3
    8bfc:	fa24 f202 	lsr.w	r2, r4, r2
    8c00:	fa0e f803 	lsl.w	r8, lr, r3
    8c04:	ea42 0909 	orr.w	r9, r2, r9
    8c08:	409f      	lsls	r7, r3
    8c0a:	ea4f 4418 	mov.w	r4, r8, lsr #16
    8c0e:	4648      	mov	r0, r9
    8c10:	fa1f fa88 	uxth.w	sl, r8
    8c14:	4621      	mov	r1, r4
    8c16:	f000 faff 	bl	9218 <__aeabi_uidiv>
    8c1a:	4621      	mov	r1, r4
    8c1c:	4683      	mov	fp, r0
    8c1e:	4648      	mov	r0, r9
    8c20:	f000 fc28 	bl	9474 <__aeabi_uidivmod>
    8c24:	fb0a f00b 	mul.w	r0, sl, fp
    8c28:	0c3a      	lsrs	r2, r7, #16
    8c2a:	ea42 4101 	orr.w	r1, r2, r1, lsl #16
    8c2e:	4288      	cmp	r0, r1
    8c30:	d90b      	bls.n	8c4a <__divdi3+0x8e>
    8c32:	eb11 0108 	adds.w	r1, r1, r8
    8c36:	f10b 33ff 	add.w	r3, fp, #4294967295
    8c3a:	d205      	bcs.n	8c48 <__divdi3+0x8c>
    8c3c:	4288      	cmp	r0, r1
    8c3e:	bf84      	itt	hi
    8c40:	f1ab 0b02 	subhi.w	fp, fp, #2
    8c44:	4441      	addhi	r1, r8
    8c46:	d800      	bhi.n	8c4a <__divdi3+0x8e>
    8c48:	469b      	mov	fp, r3
    8c4a:	ebc0 0901 	rsb	r9, r0, r1
    8c4e:	4621      	mov	r1, r4
    8c50:	b2bf      	uxth	r7, r7
    8c52:	4648      	mov	r0, r9
    8c54:	f000 fae0 	bl	9218 <__aeabi_uidiv>
    8c58:	4621      	mov	r1, r4
    8c5a:	4605      	mov	r5, r0
    8c5c:	4648      	mov	r0, r9
    8c5e:	f000 fc09 	bl	9474 <__aeabi_uidivmod>
    8c62:	fb0a fa05 	mul.w	sl, sl, r5
    8c66:	ea47 4101 	orr.w	r1, r7, r1, lsl #16
    8c6a:	458a      	cmp	sl, r1
    8c6c:	d909      	bls.n	8c82 <__divdi3+0xc6>
    8c6e:	eb11 0808 	adds.w	r8, r1, r8
    8c72:	f105 33ff 	add.w	r3, r5, #4294967295
    8c76:	d203      	bcs.n	8c80 <__divdi3+0xc4>
    8c78:	45c2      	cmp	sl, r8
    8c7a:	bf88      	it	hi
    8c7c:	3d02      	subhi	r5, #2
    8c7e:	d800      	bhi.n	8c82 <__divdi3+0xc6>
    8c80:	461d      	mov	r5, r3
    8c82:	ea45 430b 	orr.w	r3, r5, fp, lsl #16
    8c86:	2400      	movs	r4, #0
    8c88:	4618      	mov	r0, r3
    8c8a:	4621      	mov	r1, r4
    8c8c:	b116      	cbz	r6, 8c94 <__divdi3+0xd8>
    8c8e:	4258      	negs	r0, r3
    8c90:	eb64 0144 	sbc.w	r1, r4, r4, lsl #1
    8c94:	b003      	add	sp, #12
    8c96:	e8bd 8ff0 	ldmia.w	sp!, {r4, r5, r6, r7, r8, r9, sl, fp, pc}
    8c9a:	42ab      	cmp	r3, r5
    8c9c:	bf84      	itt	hi
    8c9e:	2400      	movhi	r4, #0
    8ca0:	4623      	movhi	r3, r4
    8ca2:	d8f1      	bhi.n	8c88 <__divdi3+0xcc>
    8ca4:	fab1 f581 	clz	r5, r1
    8ca8:	2d00      	cmp	r5, #0
    8caa:	f040 80bb 	bne.w	8e24 <__divdi3+0x268>
    8cae:	4561      	cmp	r1, ip
    8cb0:	bf28      	it	cs
    8cb2:	4282      	cmpcs	r2, r0
    8cb4:	bf97      	itett	ls
    8cb6:	2401      	movls	r4, #1
    8cb8:	2400      	movhi	r4, #0
    8cba:	462c      	movls	r4, r5
    8cbc:	2301      	movls	r3, #1
    8cbe:	d9e3      	bls.n	8c88 <__divdi3+0xcc>
    8cc0:	4623      	mov	r3, r4
    8cc2:	e7e1      	b.n	8c88 <__divdi3+0xcc>
    8cc4:	b922      	cbnz	r2, 8cd0 <__divdi3+0x114>
    8cc6:	4611      	mov	r1, r2
    8cc8:	2001      	movs	r0, #1
    8cca:	f000 faa5 	bl	9218 <__aeabi_uidiv>
    8cce:	4680      	mov	r8, r0
    8cd0:	fab8 f388 	clz	r3, r8
    8cd4:	2b00      	cmp	r3, #0
    8cd6:	d150      	bne.n	8d7a <__divdi3+0x1be>
    8cd8:	ebc8 0909 	rsb	r9, r8, r9
    8cdc:	ea4f 4518 	mov.w	r5, r8, lsr #16
    8ce0:	fa1f fa88 	uxth.w	sl, r8
    8ce4:	2401      	movs	r4, #1
    8ce6:	4629      	mov	r1, r5
    8ce8:	4648      	mov	r0, r9
    8cea:	f000 fa95 	bl	9218 <__aeabi_uidiv>
    8cee:	4629      	mov	r1, r5
    8cf0:	4683      	mov	fp, r0
    8cf2:	4648      	mov	r0, r9
    8cf4:	f000 fbbe 	bl	9474 <__aeabi_uidivmod>
    8cf8:	fb0a f00b 	mul.w	r0, sl, fp
    8cfc:	0c3a      	lsrs	r2, r7, #16
    8cfe:	ea42 4101 	orr.w	r1, r2, r1, lsl #16
    8d02:	4288      	cmp	r0, r1
    8d04:	d90c      	bls.n	8d20 <__divdi3+0x164>
    8d06:	eb11 0108 	adds.w	r1, r1, r8
    8d0a:	f10b 33ff 	add.w	r3, fp, #4294967295
    8d0e:	f080 80fa 	bcs.w	8f06 <__divdi3+0x34a>
    8d12:	4288      	cmp	r0, r1
    8d14:	bf84      	itt	hi
    8d16:	f1ab 0b02 	subhi.w	fp, fp, #2
    8d1a:	4441      	addhi	r1, r8
    8d1c:	f240 80f3 	bls.w	8f06 <__divdi3+0x34a>
    8d20:	1a0a      	subs	r2, r1, r0
    8d22:	4629      	mov	r1, r5
    8d24:	9200      	str	r2, [sp, #0]
    8d26:	b2bf      	uxth	r7, r7
    8d28:	4610      	mov	r0, r2
    8d2a:	f000 fa75 	bl	9218 <__aeabi_uidiv>
    8d2e:	9a00      	ldr	r2, [sp, #0]
    8d30:	4629      	mov	r1, r5
    8d32:	4681      	mov	r9, r0
    8d34:	4610      	mov	r0, r2
    8d36:	f000 fb9d 	bl	9474 <__aeabi_uidivmod>
    8d3a:	fb0a fa09 	mul.w	sl, sl, r9
    8d3e:	ea47 4101 	orr.w	r1, r7, r1, lsl #16
    8d42:	458a      	cmp	sl, r1
    8d44:	d90a      	bls.n	8d5c <__divdi3+0x1a0>
    8d46:	eb11 0808 	adds.w	r8, r1, r8
    8d4a:	f109 33ff 	add.w	r3, r9, #4294967295
    8d4e:	d204      	bcs.n	8d5a <__divdi3+0x19e>
    8d50:	45c2      	cmp	sl, r8
    8d52:	bf88      	it	hi
    8d54:	f1a9 0902 	subhi.w	r9, r9, #2
    8d58:	d800      	bhi.n	8d5c <__divdi3+0x1a0>
    8d5a:	4699      	mov	r9, r3
    8d5c:	ea49 430b 	orr.w	r3, r9, fp, lsl #16
    8d60:	e792      	b.n	8c88 <__divdi3+0xcc>
    8d62:	4252      	negs	r2, r2
    8d64:	ea6f 0606 	mvn.w	r6, r6
    8d68:	eb63 0343 	sbc.w	r3, r3, r3, lsl #1
    8d6c:	e734      	b.n	8bd8 <__divdi3+0x1c>
    8d6e:	4244      	negs	r4, r0
    8d70:	f04f 36ff 	mov.w	r6, #4294967295
    8d74:	eb61 0541 	sbc.w	r5, r1, r1, lsl #1
    8d78:	e72b      	b.n	8bd2 <__divdi3+0x16>
    8d7a:	fa08 f803 	lsl.w	r8, r8, r3
    8d7e:	f1c3 0b20 	rsb	fp, r3, #32
    8d82:	fa29 f40b 	lsr.w	r4, r9, fp
    8d86:	fa09 f903 	lsl.w	r9, r9, r3
    8d8a:	ea4f 4518 	mov.w	r5, r8, lsr #16
    8d8e:	fa27 fb0b 	lsr.w	fp, r7, fp
    8d92:	4620      	mov	r0, r4
    8d94:	409f      	lsls	r7, r3
    8d96:	4629      	mov	r1, r5
    8d98:	fa1f fa88 	uxth.w	sl, r8
    8d9c:	f000 fa3c 	bl	9218 <__aeabi_uidiv>
    8da0:	4629      	mov	r1, r5
    8da2:	ea4b 0b09 	orr.w	fp, fp, r9
    8da6:	4602      	mov	r2, r0
    8da8:	4620      	mov	r0, r4
    8daa:	9200      	str	r2, [sp, #0]
    8dac:	f000 fb62 	bl	9474 <__aeabi_uidivmod>
    8db0:	9a00      	ldr	r2, [sp, #0]
    8db2:	ea4f 431b 	mov.w	r3, fp, lsr #16
    8db6:	fb0a f002 	mul.w	r0, sl, r2
    8dba:	ea43 4101 	orr.w	r1, r3, r1, lsl #16
    8dbe:	4288      	cmp	r0, r1
    8dc0:	d90b      	bls.n	8dda <__divdi3+0x21e>
    8dc2:	eb11 0108 	adds.w	r1, r1, r8
    8dc6:	f102 33ff 	add.w	r3, r2, #4294967295
    8dca:	f080 80a2 	bcs.w	8f12 <__divdi3+0x356>
    8dce:	4288      	cmp	r0, r1
    8dd0:	bf84      	itt	hi
    8dd2:	3a02      	subhi	r2, #2
    8dd4:	4441      	addhi	r1, r8
    8dd6:	f240 809c 	bls.w	8f12 <__divdi3+0x356>
    8dda:	ebc0 0901 	rsb	r9, r0, r1
    8dde:	4629      	mov	r1, r5
    8de0:	9200      	str	r2, [sp, #0]
    8de2:	fa1f fb8b 	uxth.w	fp, fp
    8de6:	4648      	mov	r0, r9
    8de8:	f000 fa16 	bl	9218 <__aeabi_uidiv>
    8dec:	4629      	mov	r1, r5
    8dee:	4604      	mov	r4, r0
    8df0:	4648      	mov	r0, r9
    8df2:	f000 fb3f 	bl	9474 <__aeabi_uidivmod>
    8df6:	fb0a f904 	mul.w	r9, sl, r4
    8dfa:	9a00      	ldr	r2, [sp, #0]
    8dfc:	ea4b 4101 	orr.w	r1, fp, r1, lsl #16
    8e00:	4589      	cmp	r9, r1
    8e02:	d90a      	bls.n	8e1a <__divdi3+0x25e>
    8e04:	eb11 0108 	adds.w	r1, r1, r8
    8e08:	f104 33ff 	add.w	r3, r4, #4294967295
    8e0c:	d204      	bcs.n	8e18 <__divdi3+0x25c>
    8e0e:	4589      	cmp	r9, r1
    8e10:	bf84      	itt	hi
    8e12:	3c02      	subhi	r4, #2
    8e14:	4441      	addhi	r1, r8
    8e16:	d800      	bhi.n	8e1a <__divdi3+0x25e>
    8e18:	461c      	mov	r4, r3
    8e1a:	ebc9 0901 	rsb	r9, r9, r1
    8e1e:	ea44 4402 	orr.w	r4, r4, r2, lsl #16
    8e22:	e760      	b.n	8ce6 <__divdi3+0x12a>
    8e24:	f1c5 0a20 	rsb	sl, r5, #32
    8e28:	40a9      	lsls	r1, r5
    8e2a:	fa22 f80a 	lsr.w	r8, r2, sl
    8e2e:	fa2c f20a 	lsr.w	r2, ip, sl
    8e32:	ea48 0801 	orr.w	r8, r8, r1
    8e36:	fa0c fc05 	lsl.w	ip, ip, r5
    8e3a:	fa20 fa0a 	lsr.w	sl, r0, sl
    8e3e:	4610      	mov	r0, r2
    8e40:	ea4f 4918 	mov.w	r9, r8, lsr #16
    8e44:	fa0e fe05 	lsl.w	lr, lr, r5
    8e48:	ea4a 0a0c 	orr.w	sl, sl, ip
    8e4c:	f8cd e004 	str.w	lr, [sp, #4]
    8e50:	4649      	mov	r1, r9
    8e52:	9200      	str	r2, [sp, #0]
    8e54:	f000 f9e0 	bl	9218 <__aeabi_uidiv>
    8e58:	9a00      	ldr	r2, [sp, #0]
    8e5a:	4649      	mov	r1, r9
    8e5c:	fa1f fb88 	uxth.w	fp, r8
    8e60:	4604      	mov	r4, r0
    8e62:	4610      	mov	r0, r2
    8e64:	f000 fb06 	bl	9474 <__aeabi_uidivmod>
    8e68:	fb0b f004 	mul.w	r0, fp, r4
    8e6c:	ea4f 421a 	mov.w	r2, sl, lsr #16
    8e70:	ea42 4101 	orr.w	r1, r2, r1, lsl #16
    8e74:	4288      	cmp	r0, r1
    8e76:	d909      	bls.n	8e8c <__divdi3+0x2d0>
    8e78:	eb11 0108 	adds.w	r1, r1, r8
    8e7c:	f104 32ff 	add.w	r2, r4, #4294967295
    8e80:	d245      	bcs.n	8f0e <__divdi3+0x352>
    8e82:	4288      	cmp	r0, r1
    8e84:	bf84      	itt	hi
    8e86:	3c02      	subhi	r4, #2
    8e88:	4441      	addhi	r1, r8
    8e8a:	d940      	bls.n	8f0e <__divdi3+0x352>
    8e8c:	ebc0 0c01 	rsb	ip, r0, r1
    8e90:	4649      	mov	r1, r9
    8e92:	f8cd c000 	str.w	ip, [sp]
    8e96:	fa1f fa8a 	uxth.w	sl, sl
    8e9a:	4660      	mov	r0, ip
    8e9c:	f000 f9bc 	bl	9218 <__aeabi_uidiv>
    8ea0:	f8dd c000 	ldr.w	ip, [sp]
    8ea4:	4649      	mov	r1, r9
    8ea6:	4602      	mov	r2, r0
    8ea8:	4660      	mov	r0, ip
    8eaa:	9200      	str	r2, [sp, #0]
    8eac:	f000 fae2 	bl	9474 <__aeabi_uidivmod>
    8eb0:	9a00      	ldr	r2, [sp, #0]
    8eb2:	fb0b fb02 	mul.w	fp, fp, r2
    8eb6:	ea4a 4101 	orr.w	r1, sl, r1, lsl #16
    8eba:	458b      	cmp	fp, r1
    8ebc:	d909      	bls.n	8ed2 <__divdi3+0x316>
    8ebe:	eb11 0108 	adds.w	r1, r1, r8
    8ec2:	f102 30ff 	add.w	r0, r2, #4294967295
    8ec6:	d220      	bcs.n	8f0a <__divdi3+0x34e>
    8ec8:	458b      	cmp	fp, r1
    8eca:	bf84      	itt	hi
    8ecc:	3a02      	subhi	r2, #2
    8ece:	4441      	addhi	r1, r8
    8ed0:	d91b      	bls.n	8f0a <__divdi3+0x34e>
    8ed2:	ebcb 0b01 	rsb	fp, fp, r1
    8ed6:	9901      	ldr	r1, [sp, #4]
    8ed8:	ea42 4004 	orr.w	r0, r2, r4, lsl #16
    8edc:	fba0 2301 	umull	r2, r3, r0, r1
    8ee0:	459b      	cmp	fp, r3
    8ee2:	d30d      	bcc.n	8f00 <__divdi3+0x344>
    8ee4:	fa07 f405 	lsl.w	r4, r7, r5
    8ee8:	bf0c      	ite	eq
    8eea:	2301      	moveq	r3, #1
    8eec:	2300      	movne	r3, #0
    8eee:	4294      	cmp	r4, r2
    8ef0:	bf2c      	ite	cs
    8ef2:	2400      	movcs	r4, #0
    8ef4:	f003 0401 	andcc.w	r4, r3, #1
    8ef8:	4603      	mov	r3, r0
    8efa:	2c00      	cmp	r4, #0
    8efc:	f43f aec4 	beq.w	8c88 <__divdi3+0xcc>
    8f00:	1e43      	subs	r3, r0, #1
    8f02:	2400      	movs	r4, #0
    8f04:	e6c0      	b.n	8c88 <__divdi3+0xcc>
    8f06:	469b      	mov	fp, r3
    8f08:	e70a      	b.n	8d20 <__divdi3+0x164>
    8f0a:	4602      	mov	r2, r0
    8f0c:	e7e1      	b.n	8ed2 <__divdi3+0x316>
    8f0e:	4614      	mov	r4, r2
    8f10:	e7bc      	b.n	8e8c <__divdi3+0x2d0>
    8f12:	461a      	mov	r2, r3
    8f14:	e761      	b.n	8dda <__divdi3+0x21e>
    8f16:	bf00      	nop

00008f18 <__udivdi3>:
    8f18:	e92d 4ff0 	stmdb	sp!, {r4, r5, r6, r7, r8, r9, sl, fp, lr}
    8f1c:	4606      	mov	r6, r0
    8f1e:	b083      	sub	sp, #12
    8f20:	460d      	mov	r5, r1
    8f22:	2b00      	cmp	r3, #0
    8f24:	d153      	bne.n	8fce <__udivdi3+0xb6>
    8f26:	428a      	cmp	r2, r1
    8f28:	4614      	mov	r4, r2
    8f2a:	4607      	mov	r7, r0
    8f2c:	d963      	bls.n	8ff6 <__udivdi3+0xde>
    8f2e:	fab2 f382 	clz	r3, r2
    8f32:	4688      	mov	r8, r1
    8f34:	b153      	cbz	r3, 8f4c <__udivdi3+0x34>
    8f36:	f1c3 0820 	rsb	r8, r3, #32
    8f3a:	409d      	lsls	r5, r3
    8f3c:	fa20 f808 	lsr.w	r8, r0, r8
    8f40:	fa02 f403 	lsl.w	r4, r2, r3
    8f44:	ea48 0805 	orr.w	r8, r8, r5
    8f48:	fa00 f703 	lsl.w	r7, r0, r3
    8f4c:	0c25      	lsrs	r5, r4, #16
    8f4e:	4640      	mov	r0, r8
    8f50:	fa1f fa84 	uxth.w	sl, r4
    8f54:	4629      	mov	r1, r5
    8f56:	f000 f95f 	bl	9218 <__aeabi_uidiv>
    8f5a:	4629      	mov	r1, r5
    8f5c:	4681      	mov	r9, r0
    8f5e:	4640      	mov	r0, r8
    8f60:	f000 fa88 	bl	9474 <__aeabi_uidivmod>
    8f64:	fb0a f009 	mul.w	r0, sl, r9
    8f68:	0c3b      	lsrs	r3, r7, #16
    8f6a:	ea43 4101 	orr.w	r1, r3, r1, lsl #16
    8f6e:	4288      	cmp	r0, r1
    8f70:	d90a      	bls.n	8f88 <__udivdi3+0x70>
    8f72:	1909      	adds	r1, r1, r4
    8f74:	f109 32ff 	add.w	r2, r9, #4294967295
    8f78:	d205      	bcs.n	8f86 <__udivdi3+0x6e>
    8f7a:	4288      	cmp	r0, r1
    8f7c:	bf84      	itt	hi
    8f7e:	f1a9 0902 	subhi.w	r9, r9, #2
    8f82:	1909      	addhi	r1, r1, r4
    8f84:	d800      	bhi.n	8f88 <__udivdi3+0x70>
    8f86:	4691      	mov	r9, r2
    8f88:	ebc0 0801 	rsb	r8, r0, r1
    8f8c:	4629      	mov	r1, r5
    8f8e:	b2bf      	uxth	r7, r7
    8f90:	4640      	mov	r0, r8
    8f92:	f000 f941 	bl	9218 <__aeabi_uidiv>
    8f96:	4629      	mov	r1, r5
    8f98:	4606      	mov	r6, r0
    8f9a:	4640      	mov	r0, r8
    8f9c:	f000 fa6a 	bl	9474 <__aeabi_uidivmod>
    8fa0:	fb0a fa06 	mul.w	sl, sl, r6
    8fa4:	ea47 4101 	orr.w	r1, r7, r1, lsl #16
    8fa8:	458a      	cmp	sl, r1
    8faa:	d909      	bls.n	8fc0 <__udivdi3+0xa8>
    8fac:	190c      	adds	r4, r1, r4
    8fae:	f106 33ff 	add.w	r3, r6, #4294967295
    8fb2:	f080 8119 	bcs.w	91e8 <__udivdi3+0x2d0>
    8fb6:	45a2      	cmp	sl, r4
    8fb8:	bf88      	it	hi
    8fba:	3e02      	subhi	r6, #2
    8fbc:	f240 8114 	bls.w	91e8 <__udivdi3+0x2d0>
    8fc0:	ea46 4009 	orr.w	r0, r6, r9, lsl #16
    8fc4:	2600      	movs	r6, #0
    8fc6:	4631      	mov	r1, r6
    8fc8:	b003      	add	sp, #12
    8fca:	e8bd 8ff0 	ldmia.w	sp!, {r4, r5, r6, r7, r8, r9, sl, fp, pc}
    8fce:	428b      	cmp	r3, r1
    8fd0:	bf84      	itt	hi
    8fd2:	2600      	movhi	r6, #0
    8fd4:	4630      	movhi	r0, r6
    8fd6:	d8f6      	bhi.n	8fc6 <__udivdi3+0xae>
    8fd8:	fab3 f483 	clz	r4, r3
    8fdc:	2c00      	cmp	r4, #0
    8fde:	d159      	bne.n	9094 <__udivdi3+0x17c>
    8fe0:	428b      	cmp	r3, r1
    8fe2:	bf28      	it	cs
    8fe4:	42b2      	cmpcs	r2, r6
    8fe6:	bf97      	itett	ls
    8fe8:	2601      	movls	r6, #1
    8fea:	2600      	movhi	r6, #0
    8fec:	4626      	movls	r6, r4
    8fee:	2001      	movls	r0, #1
    8ff0:	d9e9      	bls.n	8fc6 <__udivdi3+0xae>
    8ff2:	4630      	mov	r0, r6
    8ff4:	e7e7      	b.n	8fc6 <__udivdi3+0xae>
    8ff6:	b922      	cbnz	r2, 9002 <__udivdi3+0xea>
    8ff8:	4611      	mov	r1, r2
    8ffa:	2001      	movs	r0, #1
    8ffc:	f000 f90c 	bl	9218 <__aeabi_uidiv>
    9000:	4604      	mov	r4, r0
    9002:	fab4 f384 	clz	r3, r4
    9006:	2b00      	cmp	r3, #0
    9008:	f040 80a3 	bne.w	9152 <__udivdi3+0x23a>
    900c:	1b2d      	subs	r5, r5, r4
    900e:	ea4f 4814 	mov.w	r8, r4, lsr #16
    9012:	fa1f fa84 	uxth.w	sl, r4
    9016:	2601      	movs	r6, #1
    9018:	4641      	mov	r1, r8
    901a:	4628      	mov	r0, r5
    901c:	f000 f8fc 	bl	9218 <__aeabi_uidiv>
    9020:	4641      	mov	r1, r8
    9022:	4681      	mov	r9, r0
    9024:	4628      	mov	r0, r5
    9026:	f000 fa25 	bl	9474 <__aeabi_uidivmod>
    902a:	fb0a f009 	mul.w	r0, sl, r9
    902e:	0c3b      	lsrs	r3, r7, #16
    9030:	ea43 4101 	orr.w	r1, r3, r1, lsl #16
    9034:	4288      	cmp	r0, r1
    9036:	d90b      	bls.n	9050 <__udivdi3+0x138>
    9038:	1909      	adds	r1, r1, r4
    903a:	f109 32ff 	add.w	r2, r9, #4294967295
    903e:	f080 80d5 	bcs.w	91ec <__udivdi3+0x2d4>
    9042:	4288      	cmp	r0, r1
    9044:	bf84      	itt	hi
    9046:	f1a9 0902 	subhi.w	r9, r9, #2
    904a:	1909      	addhi	r1, r1, r4
    904c:	f240 80ce 	bls.w	91ec <__udivdi3+0x2d4>
    9050:	ebc0 0b01 	rsb	fp, r0, r1
    9054:	4641      	mov	r1, r8
    9056:	b2bf      	uxth	r7, r7
    9058:	4658      	mov	r0, fp
    905a:	f000 f8dd 	bl	9218 <__aeabi_uidiv>
    905e:	4641      	mov	r1, r8
    9060:	4605      	mov	r5, r0
    9062:	4658      	mov	r0, fp
    9064:	f000 fa06 	bl	9474 <__aeabi_uidivmod>
    9068:	fb0a fa05 	mul.w	sl, sl, r5
    906c:	ea47 4101 	orr.w	r1, r7, r1, lsl #16
    9070:	458a      	cmp	sl, r1
    9072:	d909      	bls.n	9088 <__udivdi3+0x170>
    9074:	190c      	adds	r4, r1, r4
    9076:	f105 33ff 	add.w	r3, r5, #4294967295
    907a:	f080 80b9 	bcs.w	91f0 <__udivdi3+0x2d8>
    907e:	45a2      	cmp	sl, r4
    9080:	bf88      	it	hi
    9082:	3d02      	subhi	r5, #2
    9084:	f240 80b4 	bls.w	91f0 <__udivdi3+0x2d8>
    9088:	ea45 4009 	orr.w	r0, r5, r9, lsl #16
    908c:	4631      	mov	r1, r6
    908e:	b003      	add	sp, #12
    9090:	e8bd 8ff0 	ldmia.w	sp!, {r4, r5, r6, r7, r8, r9, sl, fp, pc}
    9094:	f1c4 0120 	rsb	r1, r4, #32
    9098:	40a3      	lsls	r3, r4
    909a:	fa22 f801 	lsr.w	r8, r2, r1
    909e:	fa25 f701 	lsr.w	r7, r5, r1
    90a2:	ea48 0803 	orr.w	r8, r8, r3
    90a6:	fa26 f101 	lsr.w	r1, r6, r1
    90aa:	40a5      	lsls	r5, r4
    90ac:	4638      	mov	r0, r7
    90ae:	ea4f 4918 	mov.w	r9, r8, lsr #16
    90b2:	430d      	orrs	r5, r1
    90b4:	40a2      	lsls	r2, r4
    90b6:	9201      	str	r2, [sp, #4]
    90b8:	4649      	mov	r1, r9
    90ba:	fa1f fb88 	uxth.w	fp, r8
    90be:	f000 f8ab 	bl	9218 <__aeabi_uidiv>
    90c2:	4649      	mov	r1, r9
    90c4:	4682      	mov	sl, r0
    90c6:	4638      	mov	r0, r7
    90c8:	f000 f9d4 	bl	9474 <__aeabi_uidivmod>
    90cc:	fb0b f00a 	mul.w	r0, fp, sl
    90d0:	0c2f      	lsrs	r7, r5, #16
    90d2:	ea47 4101 	orr.w	r1, r7, r1, lsl #16
    90d6:	4288      	cmp	r0, r1
    90d8:	d906      	bls.n	90e8 <__udivdi3+0x1d0>
    90da:	eb11 0108 	adds.w	r1, r1, r8
    90de:	f10a 32ff 	add.w	r2, sl, #4294967295
    90e2:	f0c0 808d 	bcc.w	9200 <__udivdi3+0x2e8>
    90e6:	4692      	mov	sl, r2
    90e8:	1a0a      	subs	r2, r1, r0
    90ea:	4649      	mov	r1, r9
    90ec:	9200      	str	r2, [sp, #0]
    90ee:	b2ad      	uxth	r5, r5
    90f0:	4610      	mov	r0, r2
    90f2:	f000 f891 	bl	9218 <__aeabi_uidiv>
    90f6:	9a00      	ldr	r2, [sp, #0]
    90f8:	4649      	mov	r1, r9
    90fa:	4607      	mov	r7, r0
    90fc:	4610      	mov	r0, r2
    90fe:	f000 f9b9 	bl	9474 <__aeabi_uidivmod>
    9102:	fb0b fb07 	mul.w	fp, fp, r7
    9106:	ea45 4101 	orr.w	r1, r5, r1, lsl #16
    910a:	458b      	cmp	fp, r1
    910c:	d905      	bls.n	911a <__udivdi3+0x202>
    910e:	eb11 0108 	adds.w	r1, r1, r8
    9112:	f107 32ff 	add.w	r2, r7, #4294967295
    9116:	d36d      	bcc.n	91f4 <__udivdi3+0x2dc>
    9118:	4617      	mov	r7, r2
    911a:	ebcb 0b01 	rsb	fp, fp, r1
    911e:	9901      	ldr	r1, [sp, #4]
    9120:	ea47 400a 	orr.w	r0, r7, sl, lsl #16
    9124:	fba0 2301 	umull	r2, r3, r0, r1
    9128:	459b      	cmp	fp, r3
    912a:	d30c      	bcc.n	9146 <__udivdi3+0x22e>
    912c:	fa06 f604 	lsl.w	r6, r6, r4
    9130:	bf0c      	ite	eq
    9132:	2101      	moveq	r1, #1
    9134:	2100      	movne	r1, #0
    9136:	4296      	cmp	r6, r2
    9138:	bf2c      	ite	cs
    913a:	2600      	movcs	r6, #0
    913c:	f001 0601 	andcc.w	r6, r1, #1
    9140:	2e00      	cmp	r6, #0
    9142:	f43f af40 	beq.w	8fc6 <__udivdi3+0xae>
    9146:	2600      	movs	r6, #0
    9148:	3801      	subs	r0, #1
    914a:	4631      	mov	r1, r6
    914c:	b003      	add	sp, #12
    914e:	e8bd 8ff0 	ldmia.w	sp!, {r4, r5, r6, r7, r8, r9, sl, fp, pc}
    9152:	409c      	lsls	r4, r3
    9154:	f1c3 0920 	rsb	r9, r3, #32
    9158:	fa25 fa09 	lsr.w	sl, r5, r9
    915c:	fa06 f703 	lsl.w	r7, r6, r3
    9160:	ea4f 4814 	mov.w	r8, r4, lsr #16
    9164:	409d      	lsls	r5, r3
    9166:	4650      	mov	r0, sl
    9168:	fa26 f909 	lsr.w	r9, r6, r9
    916c:	4641      	mov	r1, r8
    916e:	ea49 0905 	orr.w	r9, r9, r5
    9172:	f000 f851 	bl	9218 <__aeabi_uidiv>
    9176:	4641      	mov	r1, r8
    9178:	4683      	mov	fp, r0
    917a:	4650      	mov	r0, sl
    917c:	f000 f97a 	bl	9474 <__aeabi_uidivmod>
    9180:	fa1f fa84 	uxth.w	sl, r4
    9184:	ea4f 4319 	mov.w	r3, r9, lsr #16
    9188:	fb0a f00b 	mul.w	r0, sl, fp
    918c:	ea43 4101 	orr.w	r1, r3, r1, lsl #16
    9190:	4288      	cmp	r0, r1
    9192:	d909      	bls.n	91a8 <__udivdi3+0x290>
    9194:	1909      	adds	r1, r1, r4
    9196:	f10b 33ff 	add.w	r3, fp, #4294967295
    919a:	d239      	bcs.n	9210 <__udivdi3+0x2f8>
    919c:	4288      	cmp	r0, r1
    919e:	bf84      	itt	hi
    91a0:	f1ab 0b02 	subhi.w	fp, fp, #2
    91a4:	1909      	addhi	r1, r1, r4
    91a6:	d933      	bls.n	9210 <__udivdi3+0x2f8>
    91a8:	1a0d      	subs	r5, r1, r0
    91aa:	4641      	mov	r1, r8
    91ac:	fa1f f989 	uxth.w	r9, r9
    91b0:	4628      	mov	r0, r5
    91b2:	f000 f831 	bl	9218 <__aeabi_uidiv>
    91b6:	4641      	mov	r1, r8
    91b8:	4606      	mov	r6, r0
    91ba:	4628      	mov	r0, r5
    91bc:	f000 f95a 	bl	9474 <__aeabi_uidivmod>
    91c0:	fb0a f506 	mul.w	r5, sl, r6
    91c4:	ea49 4101 	orr.w	r1, r9, r1, lsl #16
    91c8:	428d      	cmp	r5, r1
    91ca:	d909      	bls.n	91e0 <__udivdi3+0x2c8>
    91cc:	1909      	adds	r1, r1, r4
    91ce:	f106 33ff 	add.w	r3, r6, #4294967295
    91d2:	d204      	bcs.n	91de <__udivdi3+0x2c6>
    91d4:	428d      	cmp	r5, r1
    91d6:	bf84      	itt	hi
    91d8:	3e02      	subhi	r6, #2
    91da:	1909      	addhi	r1, r1, r4
    91dc:	d800      	bhi.n	91e0 <__udivdi3+0x2c8>
    91de:	461e      	mov	r6, r3
    91e0:	1b4d      	subs	r5, r1, r5
    91e2:	ea46 460b 	orr.w	r6, r6, fp, lsl #16
    91e6:	e717      	b.n	9018 <__udivdi3+0x100>
    91e8:	461e      	mov	r6, r3
    91ea:	e6e9      	b.n	8fc0 <__udivdi3+0xa8>
    91ec:	4691      	mov	r9, r2
    91ee:	e72f      	b.n	9050 <__udivdi3+0x138>
    91f0:	461d      	mov	r5, r3
    91f2:	e749      	b.n	9088 <__udivdi3+0x170>
    91f4:	458b      	cmp	fp, r1
    91f6:	bf84      	itt	hi
    91f8:	3f02      	subhi	r7, #2
    91fa:	4441      	addhi	r1, r8
    91fc:	d88d      	bhi.n	911a <__udivdi3+0x202>
    91fe:	e78b      	b.n	9118 <__udivdi3+0x200>
    9200:	4288      	cmp	r0, r1
    9202:	bf84      	itt	hi
    9204:	f1aa 0a02 	subhi.w	sl, sl, #2
    9208:	4441      	addhi	r1, r8
    920a:	f63f af6d 	bhi.w	90e8 <__udivdi3+0x1d0>
    920e:	e76a      	b.n	90e6 <__udivdi3+0x1ce>
    9210:	469b      	mov	fp, r3
    9212:	e7c9      	b.n	91a8 <__udivdi3+0x290>
    9214:	0000      	movs	r0, r0
	...

00009218 <__aeabi_uidiv>:
    9218:	1e4a      	subs	r2, r1, #1
    921a:	bf08      	it	eq
    921c:	4770      	bxeq	lr
    921e:	f0c0 8124 	bcc.w	946a <__aeabi_uidiv+0x252>
    9222:	4288      	cmp	r0, r1
    9224:	f240 8116 	bls.w	9454 <__aeabi_uidiv+0x23c>
    9228:	4211      	tst	r1, r2
    922a:	f000 8117 	beq.w	945c <__aeabi_uidiv+0x244>
    922e:	fab0 f380 	clz	r3, r0
    9232:	fab1 f281 	clz	r2, r1
    9236:	eba2 0303 	sub.w	r3, r2, r3
    923a:	f1c3 031f 	rsb	r3, r3, #31
    923e:	a204      	add	r2, pc, #16	; (adr r2, 9250 <__aeabi_uidiv+0x38>)
    9240:	eb02 1303 	add.w	r3, r2, r3, lsl #4
    9244:	f04f 0200 	mov.w	r2, #0
    9248:	469f      	mov	pc, r3
    924a:	bf00      	nop
    924c:	f3af 8000 	nop.w
    9250:	ebb0 7fc1 	cmp.w	r0, r1, lsl #31
    9254:	bf00      	nop
    9256:	eb42 0202 	adc.w	r2, r2, r2
    925a:	bf28      	it	cs
    925c:	eba0 70c1 	subcs.w	r0, r0, r1, lsl #31
    9260:	ebb0 7f81 	cmp.w	r0, r1, lsl #30
    9264:	bf00      	nop
    9266:	eb42 0202 	adc.w	r2, r2, r2
    926a:	bf28      	it	cs
    926c:	eba0 7081 	subcs.w	r0, r0, r1, lsl #30
    9270:	ebb0 7f41 	cmp.w	r0, r1, lsl #29
    9274:	bf00      	nop
    9276:	eb42 0202 	adc.w	r2, r2, r2
    927a:	bf28      	it	cs
    927c:	eba0 7041 	subcs.w	r0, r0, r1, lsl #29
    9280:	ebb0 7f01 	cmp.w	r0, r1, lsl #28
    9284:	bf00      	nop
    9286:	eb42 0202 	adc.w	r2, r2, r2
    928a:	bf28      	it	cs
    928c:	eba0 7001 	subcs.w	r0, r0, r1, lsl #28
    9290:	ebb0 6fc1 	cmp.w	r0, r1, lsl #27
    9294:	bf00      	nop
    9296:	eb42 0202 	adc.w	r2, r2, r2
    929a:	bf28      	it	cs
    929c:	eba0 60c1 	subcs.w	r0, r0, r1, lsl #27
    92a0:	ebb0 6f81 	cmp.w	r0, r1, lsl #26
    92a4:	bf00      	nop
    92a6:	eb42 0202 	adc.w	r2, r2, r2
    92aa:	bf28      	it	cs
    92ac:	eba0 6081 	subcs.w	r0, r0, r1, lsl #26
    92b0:	ebb0 6f41 	cmp.w	r0, r1, lsl #25
    92b4:	bf00      	nop
    92b6:	eb42 0202 	adc.w	r2, r2, r2
    92ba:	bf28      	it	cs
    92bc:	eba0 6041 	subcs.w	r0, r0, r1, lsl #25
    92c0:	ebb0 6f01 	cmp.w	r0, r1, lsl #24
    92c4:	bf00      	nop
    92c6:	eb42 0202 	adc.w	r2, r2, r2
    92ca:	bf28      	it	cs
    92cc:	eba0 6001 	subcs.w	r0, r0, r1, lsl #24
    92d0:	ebb0 5fc1 	cmp.w	r0, r1, lsl #23
    92d4:	bf00      	nop
    92d6:	eb42 0202 	adc.w	r2, r2, r2
    92da:	bf28      	it	cs
    92dc:	eba0 50c1 	subcs.w	r0, r0, r1, lsl #23
    92e0:	ebb0 5f81 	cmp.w	r0, r1, lsl #22
    92e4:	bf00      	nop
    92e6:	eb42 0202 	adc.w	r2, r2, r2
    92ea:	bf28      	it	cs
    92ec:	eba0 5081 	subcs.w	r0, r0, r1, lsl #22
    92f0:	ebb0 5f41 	cmp.w	r0, r1, lsl #21
    92f4:	bf00      	nop
    92f6:	eb42 0202 	adc.w	r2, r2, r2
    92fa:	bf28      	it	cs
    92fc:	eba0 5041 	subcs.w	r0, r0, r1, lsl #21
    9300:	ebb0 5f01 	cmp.w	r0, r1, lsl #20
    9304:	bf00      	nop
    9306:	eb42 0202 	adc.w	r2, r2, r2
    930a:	bf28      	it	cs
    930c:	eba0 5001 	subcs.w	r0, r0, r1, lsl #20
    9310:	ebb0 4fc1 	cmp.w	r0, r1, lsl #19
    9314:	bf00      	nop
    9316:	eb42 0202 	adc.w	r2, r2, r2
    931a:	bf28      	it	cs
    931c:	eba0 40c1 	subcs.w	r0, r0, r1, lsl #19
    9320:	ebb0 4f81 	cmp.w	r0, r1, lsl #18
    9324:	bf00      	nop
    9326:	eb42 0202 	adc.w	r2, r2, r2
    932a:	bf28      	it	cs
    932c:	eba0 4081 	subcs.w	r0, r0, r1, lsl #18
    9330:	ebb0 4f41 	cmp.w	r0, r1, lsl #17
    9334:	bf00      	nop
    9336:	eb42 0202 	adc.w	r2, r2, r2
    933a:	bf28      	it	cs
    933c:	eba0 4041 	subcs.w	r0, r0, r1, lsl #17
    9340:	ebb0 4f01 	cmp.w	r0, r1, lsl #16
    9344:	bf00      	nop
    9346:	eb42 0202 	adc.w	r2, r2, r2
    934a:	bf28      	it	cs
    934c:	eba0 4001 	subcs.w	r0, r0, r1, lsl #16
    9350:	ebb0 3fc1 	cmp.w	r0, r1, lsl #15
    9354:	bf00      	nop
    9356:	eb42 0202 	adc.w	r2, r2, r2
    935a:	bf28      	it	cs
    935c:	eba0 30c1 	subcs.w	r0, r0, r1, lsl #15
    9360:	ebb0 3f81 	cmp.w	r0, r1, lsl #14
    9364:	bf00      	nop
    9366:	eb42 0202 	adc.w	r2, r2, r2
    936a:	bf28      	it	cs
    936c:	eba0 3081 	subcs.w	r0, r0, r1, lsl #14
    9370:	ebb0 3f41 	cmp.w	r0, r1, lsl #13
    9374:	bf00      	nop
    9376:	eb42 0202 	adc.w	r2, r2, r2
    937a:	bf28      	it	cs
    937c:	eba0 3041 	subcs.w	r0, r0, r1, lsl #13
    9380:	ebb0 3f01 	cmp.w	r0, r1, lsl #12
    9384:	bf00      	nop
    9386:	eb42 0202 	adc.w	r2, r2, r2
    938a:	bf28      	it	cs
    938c:	eba0 3001 	subcs.w	r0, r0, r1, lsl #12
    9390:	ebb0 2fc1 	cmp.w	r0, r1, lsl #11
    9394:	bf00      	nop
    9396:	eb42 0202 	adc.w	r2, r2, r2
    939a:	bf28      	it	cs
    939c:	eba0 20c1 	subcs.w	r0, r0, r1, lsl #11
    93a0:	ebb0 2f81 	cmp.w	r0, r1, lsl #10
    93a4:	bf00      	nop
    93a6:	eb42 0202 	adc.w	r2, r2, r2
    93aa:	bf28      	it	cs
    93ac:	eba0 2081 	subcs.w	r0, r0, r1, lsl #10
    93b0:	ebb0 2f41 	cmp.w	r0, r1, lsl #9
    93b4:	bf00      	nop
    93b6:	eb42 0202 	adc.w	r2, r2, r2
    93ba:	bf28      	it	cs
    93bc:	eba0 2041 	subcs.w	r0, r0, r1, lsl #9
    93c0:	ebb0 2f01 	cmp.w	r0, r1, lsl #8
    93c4:	bf00      	nop
    93c6:	eb42 0202 	adc.w	r2, r2, r2
    93ca:	bf28      	it	cs
    93cc:	eba0 2001 	subcs.w	r0, r0, r1, lsl #8
    93d0:	ebb0 1fc1 	cmp.w	r0, r1, lsl #7
    93d4:	bf00      	nop
    93d6:	eb42 0202 	adc.w	r2, r2, r2
    93da:	bf28      	it	cs
    93dc:	eba0 10c1 	subcs.w	r0, r0, r1, lsl #7
    93e0:	ebb0 1f81 	cmp.w	r0, r1, lsl #6
    93e4:	bf00      	nop
    93e6:	eb42 0202 	adc.w	r2, r2, r2
    93ea:	bf28      	it	cs
    93ec:	eba0 1081 	subcs.w	r0, r0, r1, lsl #6
    93f0:	ebb0 1f41 	cmp.w	r0, r1, lsl #5
    93f4:	bf00      	nop
    93f6:	eb42 0202 	adc.w	r2, r2, r2
    93fa:	bf28      	it	cs
    93fc:	eba0 1041 	subcs.w	r0, r0, r1, lsl #5
    9400:	ebb0 1f01 	cmp.w	r0, r1, lsl #4
    9404:	bf00      	nop
    9406:	eb42 0202 	adc.w	r2, r2, r2
    940a:	bf28      	it	cs
    940c:	eba0 1001 	subcs.w	r0, r0, r1, lsl #4
    9410:	ebb0 0fc1 	cmp.w	r0, r1, lsl #3
    9414:	bf00      	nop
    9416:	eb42 0202 	adc.w	r2, r2, r2
    941a:	bf28      	it	cs
    941c:	eba0 00c1 	subcs.w	r0, r0, r1, lsl #3
    9420:	ebb0 0f81 	cmp.w	r0, r1, lsl #2
    9424:	bf00      	nop
    9426:	eb42 0202 	adc.w	r2, r2, r2
    942a:	bf28      	it	cs
    942c:	eba0 0081 	subcs.w	r0, r0, r1, lsl #2
    9430:	ebb0 0f41 	cmp.w	r0, r1, lsl #1
    9434:	bf00      	nop
    9436:	eb42 0202 	adc.w	r2, r2, r2
    943a:	bf28      	it	cs
    943c:	eba0 0041 	subcs.w	r0, r0, r1, lsl #1
    9440:	ebb0 0f01 	cmp.w	r0, r1
    9444:	bf00      	nop
    9446:	eb42 0202 	adc.w	r2, r2, r2
    944a:	bf28      	it	cs
    944c:	eba0 0001 	subcs.w	r0, r0, r1
    9450:	4610      	mov	r0, r2
    9452:	4770      	bx	lr
    9454:	bf0c      	ite	eq
    9456:	2001      	moveq	r0, #1
    9458:	2000      	movne	r0, #0
    945a:	4770      	bx	lr
    945c:	fab1 f281 	clz	r2, r1
    9460:	f1c2 021f 	rsb	r2, r2, #31
    9464:	fa20 f002 	lsr.w	r0, r0, r2
    9468:	4770      	bx	lr
    946a:	b108      	cbz	r0, 9470 <__aeabi_uidiv+0x258>
    946c:	f04f 30ff 	mov.w	r0, #4294967295
    9470:	f7ff bb6e 	b.w	8b50 <__aeabi_idiv0>

00009474 <__aeabi_uidivmod>:
    9474:	2900      	cmp	r1, #0
    9476:	d0f8      	beq.n	946a <__aeabi_uidiv+0x252>
    9478:	e92d 4003 	stmdb	sp!, {r0, r1, lr}
    947c:	f7ff fecc 	bl	9218 <__aeabi_uidiv>
    9480:	e8bd 4006 	ldmia.w	sp!, {r1, r2, lr}
    9484:	fb02 f300 	mul.w	r3, r2, r0
    9488:	eba1 0103 	sub.w	r1, r1, r3
    948c:	4770      	bx	lr
    948e:	bf00      	nop

00009490 <__libc_csu_init>:
    9490:	e92d 43f8 	stmdb	sp!, {r3, r4, r5, r6, r7, r8, r9, lr}
    9494:	4607      	mov	r7, r0
    9496:	4e0c      	ldr	r6, [pc, #48]	; (94c8 <__libc_csu_init+0x38>)
    9498:	4688      	mov	r8, r1
    949a:	4d0c      	ldr	r5, [pc, #48]	; (94cc <__libc_csu_init+0x3c>)
    949c:	4691      	mov	r9, r2
    949e:	447e      	add	r6, pc
    94a0:	f7fe efb0 	blx	8404 <_init>
    94a4:	447d      	add	r5, pc
    94a6:	1b76      	subs	r6, r6, r5
    94a8:	10b6      	asrs	r6, r6, #2
    94aa:	d00a      	beq.n	94c2 <__libc_csu_init+0x32>
    94ac:	3d04      	subs	r5, #4
    94ae:	2400      	movs	r4, #0
    94b0:	3401      	adds	r4, #1
    94b2:	f855 3f04 	ldr.w	r3, [r5, #4]!
    94b6:	4638      	mov	r0, r7
    94b8:	4641      	mov	r1, r8
    94ba:	464a      	mov	r2, r9
    94bc:	4798      	blx	r3
    94be:	42b4      	cmp	r4, r6
    94c0:	d1f6      	bne.n	94b0 <__libc_csu_init+0x20>
    94c2:	e8bd 83f8 	ldmia.w	sp!, {r3, r4, r5, r6, r7, r8, r9, pc}
    94c6:	bf00      	nop
    94c8:	00008a6e 	.word	0x00008a6e
    94cc:	00008a64 	.word	0x00008a64

000094d0 <__libc_csu_fini>:
    94d0:	4770      	bx	lr
    94d2:	bf00      	nop

Disassembly of section .fini:

000094d4 <_fini>:
    94d4:	e92d4008 	push	{r3, lr}
    94d8:	e8bd8008 	pop	{r3, pc}
