0	Normalized 3.62
1	Normalized 9.16
2	Normalized 9.34
3	Normalized 9.55
4	Normalized 3.64
5	Normalized 9.39
6	Normalized 9.14
7	Normalized 9.13
8	Normalized 3.64
9	Normalized 9.13
10	Normalized 9.56
11	Normalized 9.62
12	Normalized 3.63
13	Normalized 9.63
14	Normalized 9.14
15	Normalized 9.13
16	Normalized 3.63
17	Normalized 9.32
18	Normalized 9.35
19	Normalized 9.59
20	Normalized 3.64
21	Normalized 9.26
22	Normalized 9.36
23	Normalized 9.13
24	Normalized 3.65
25	Normalized 9.12
26	Normalized 9.52
27	Normalized 9.53
28	Normalized 3.66
29	Normalized 9.37
30	Normalized 9.14
31	Normalized 9.13
32	Normalized 3.66
33	Normalized 9.60
34	Normalized 9.23
35	Normalized 9.59
36	Normalized 3.65
37	Normalized 9.65
38	Normalized 9.13
39	Normalized 9.12
40	Normalized 3.66
41	Normalized 9.51
42	Normalized 9.09
43	Normalized 9.59
44	Normalized 3.66
45	Normalized 9.63
46	Normalized 9.37
47	Normalized 9.13
48	Normalized 3.65
49	Normalized 9.13
50	Normalized 9.52
51	Normalized 9.54
52	Normalized 3.65
53	Normalized 9.38
54	Normalized 9.13
55	Normalized 9.14
56	Normalized 3.65
57	Normalized 9.14
58	Normalized 9.52
59	Normalized 9.59
60	Normalized 3.66
61	Normalized 9.63
62	Normalized 9.15
63	Normalized 9.11
64	Normalized 3.65
