0	Normalized 5.41
1	Normalized 1529.71
2	Normalized 1540.76
3	Normalized 1548.79
4	Normalized 5.34
5	Normalized 1557.23
6	Normalized 1558.83
7	Normalized 1560.05
8	Normalized 5.47
9	Normalized 1551.85
10	Normalized 1552.87
11	Normalized 1553.96
12	Normalized 5.35
13	Normalized 1556.97
14	Normalized 1548.61
15	Normalized 1550.01
16	Normalized 5.48
17	Normalized 1550.88
18	Normalized 1552.38
19	Normalized 1553.94
20	Normalized 5.32
21	Normalized 1556.95
22	Normalized 1558.51
23	Normalized 1548.04
24	Normalized 5.49
25	Normalized 1538.97
26	Normalized 1552.32
27	Normalized 1549.93
28	Normalized 5.39
29	Normalized 1541.08
30	Normalized 1546.45
31	Normalized 1545.61
32	Normalized 5.46
33	Normalized 1550.51
34	Normalized 1557.84
35	Normalized 1534.97
36	Normalized 5.39
37	Normalized 1546.96
38	Normalized 1549.31
39	Normalized 1559.93
40	Normalized 5.53
41	Normalized 1550.74
42	Normalized 1540.24
43	Normalized 1531.87
44	Normalized 5.36
45	Normalized 1524.95
46	Normalized 1537.76
47	Normalized 1536.05
48	Normalized 5.48
49	Normalized 1550.62
50	Normalized 1552.16
51	Normalized 1553.68
52	Normalized 5.35
53	Normalized 1556.87
54	Normalized 1558.45
55	Normalized 1560.13
56	Normalized 5.50
57	Normalized 1550.45
58	Normalized 1564.90
59	Normalized 1553.54
60	Normalized 5.36
61	Normalized 1556.78
62	Normalized 1561.51
63	Normalized 1559.89
64	Normalized 5.47
