0	Normalized 3.59
1	Normalized 7.31
2	Normalized 3.60
3	Normalized 6.98
4	Normalized 3.60
5	Normalized 7.30
6	Normalized 3.60
7	Normalized 6.98
8	Normalized 3.59
9	Normalized 7.29
10	Normalized 3.59
11	Normalized 6.98
12	Normalized 3.59
13	Normalized 7.29
14	Normalized 3.59
15	Normalized 6.99
16	Normalized 3.59
17	Normalized 7.30
18	Normalized 3.59
19	Normalized 6.99
20	Normalized 3.59
21	Normalized 7.31
22	Normalized 3.59
23	Normalized 6.99
24	Normalized 3.59
25	Normalized 7.29
26	Normalized 3.59
27	Normalized 6.98
28	Normalized 3.60
29	Normalized 7.29
30	Normalized 3.59
31	Normalized 6.97
32	Normalized 3.60
33	Normalized 7.29
34	Normalized 3.59
35	Normalized 6.99
36	Normalized 3.60
37	Normalized 7.31
38	Normalized 3.60
39	Normalized 6.98
40	Normalized 3.60
41	Normalized 7.30
42	Normalized 3.61
43	Normalized 6.99
44	Normalized 3.59
45	Normalized 7.31
46	Normalized 3.73
47	Normalized 7.09
48	Normalized 3.60
49	Normalized 7.30
50	Normalized 3.59
51	Normalized 6.99
52	Normalized 3.60
53	Normalized 7.31
54	Normalized 3.59
55	Normalized 6.99
56	Normalized 3.60
57	Normalized 7.30
58	Normalized 3.60
59	Normalized 6.99
60	Normalized 3.61
61	Normalized 7.31
62	Normalized 3.60
63	Normalized 6.98
64	Normalized 3.59
