0	Normalized 3.61
1	Normalized 3.62
2	Normalized 3.62
3	Normalized 3.61
4	Normalized 3.61
5	Normalized 3.61
6	Normalized 3.61
7	Normalized 3.61
8	Normalized 3.61
9	Normalized 3.61
10	Normalized 3.61
11	Normalized 3.61
12	Normalized 3.61
13	Normalized 3.61
14	Normalized 3.61
15	Normalized 3.62
16	Normalized 3.61
17	Normalized 3.61
18	Normalized 3.61
19	Normalized 3.61
20	Normalized 3.61
21	Normalized 3.61
22	Normalized 3.61
23	Normalized 3.61
24	Normalized 3.61
25	Normalized 3.61
26	Normalized 3.61
27	Normalized 3.62
28	Normalized 3.61
29	Normalized 3.61
30	Normalized 3.61
31	Normalized 3.61
32	Normalized 3.61
33	Normalized 3.61
34	Normalized 3.61
35	Normalized 3.61
36	Normalized 3.62
37	Normalized 3.61
38	Normalized 3.61
39	Normalized 3.61
40	Normalized 3.62
41	Normalized 3.61
42	Normalized 3.61
43	Normalized 3.61
44	Normalized 3.62
45	Normalized 3.61
46	Normalized 3.61
47	Normalized 3.61
48	Normalized 3.62
49	Normalized 3.61
50	Normalized 3.61
51	Normalized 3.61
52	Normalized 3.61
53	Normalized 3.61
54	Normalized 3.61
55	Normalized 3.61
56	Normalized 3.61
57	Normalized 3.61
58	Normalized 3.62
59	Normalized 3.61
60	Normalized 3.62
61	Normalized 3.62
62	Normalized 3.61
63	Normalized 3.61
64	Normalized 3.61
